<?xml version="1.0" encoding="UTF-8"?>
<testng-results ignored="0" total="1" passed="1" failed="0" skipped="0">
  <reporter-output>
  </reporter-output>
  <suite started-at="2024-09-02T19:23:36 IST" name="Default suite" finished-at="2024-09-02T19:23:37 IST" duration-ms="97">
    <groups>
    </groups>
    <test started-at="2024-09-02T19:23:36 IST" name="Default test" finished-at="2024-09-02T19:23:37 IST" duration-ms="97">
      <class name="testngdemopackage.AppTest">
        <test-method signature="sample()[pri:0, instance:testngdemopackage.AppTest@2473d930]" started-at="2024-09-02T19:23:37 IST" name="sample" finished-at="2024-09-02T19:23:37 IST" duration-ms="31" status="PASS">
          <reporter-output>
          </reporter-output>
        </test-method> <!-- sample -->
      </class> <!-- testngdemopackage.AppTest -->
    </test> <!-- Default test -->
  </suite> <!-- Default suite -->
</testng-results>
